[13:18:47] [Render thread/INFO]: Environment: authHost='https://authserver.mojang.com', accountsHost='https://api.mojang.com', sessionHost='https://sessionserver.mojang.com', servicesHost='https://api.minecraftservices.com', name='PROD'
[13:18:48] [Render thread/INFO]: Setting user: vultorio
[13:18:48] [Render thread/INFO]: Backend library: LWJGL version 3.2.2 build 10
[13:18:51] [Render thread/INFO]: Narrator library for x64 successfully loaded
[13:18:51] [Render thread/INFO]: Reloading ResourceManager: Default
[13:19:00] [Render thread/INFO]: OpenAL initialized.
[13:19:00] [Render thread/INFO]: Sound engine started
[13:19:01] [Render thread/INFO]: Created: 1024x1024x4 minecraft:textures/atlas/blocks.png-atlas
[13:19:01] [Render thread/INFO]: Created: 256x128x4 minecraft:textures/atlas/signs.png-atlas
[13:19:01] [Render thread/INFO]: Created: 1024x512x4 minecraft:textures/atlas/banner_patterns.png-atlas
[13:19:01] [Render thread/INFO]: Created: 1024x512x4 minecraft:textures/atlas/shield_patterns.png-atlas
[13:19:01] [Render thread/INFO]: Created: 256x256x4 minecraft:textures/atlas/chest.png-atlas
[13:19:01] [Render thread/INFO]: Created: 512x256x4 minecraft:textures/atlas/beds.png-atlas
[13:19:01] [Render thread/INFO]: Created: 512x256x4 minecraft:textures/atlas/shulker_boxes.png-atlas
[13:19:04] [Render thread/INFO]: Created: 256x256x0 minecraft:textures/atlas/particles.png-atlas
[13:19:04] [Render thread/INFO]: Created: 256x256x0 minecraft:textures/atlas/paintings.png-atlas
[13:19:04] [Render thread/INFO]: Created: 256x128x0 minecraft:textures/atlas/mob_effects.png-atlas
[13:30:49] [pool-2-thread-2/ERROR]: Couldn't get pending invite count
dsl: Could not connect to Realms: Connect timed out
	at dra.a(SourceFile:439) ~[1.17.1.jar:?]
	at dra.k(SourceFile:325) ~[1.17.1.jar:?]
	at dra.j(SourceFile:320) ~[1.17.1.jar:?]
	at dsp.q(SourceFile:215) ~[1.17.1.jar:?]
	at dtw.run(SourceFile:32) [1.17.1.jar:?]
	at java.util.concurrent.Executors$RunnableAdapter.call(Executors.java:515) [?:?]
	at java.util.concurrent.FutureTask.runAndReset(FutureTask.java:305) [?:?]
	at java.util.concurrent.ScheduledThreadPoolExecutor$ScheduledFutureTask.run(ScheduledThreadPoolExecutor.java:305) [?:?]
	at java.util.concurrent.ThreadPoolExecutor.runWorker(ThreadPoolExecutor.java:1130) [?:?]
	at java.util.concurrent.ThreadPoolExecutor$Worker.run(ThreadPoolExecutor.java:630) [?:?]
	at java.lang.Thread.run(Thread.java:831) [?:?]
[13:32:39] [pool-2-thread-1/ERROR]: Couldn't get pending invite count
dsl: Could not connect to Realms: Connect timed out
	at dra.a(SourceFile:439) ~[1.17.1.jar:?]
	at dra.k(SourceFile:325) ~[1.17.1.jar:?]
	at dra.j(SourceFile:320) ~[1.17.1.jar:?]
	at dsp.q(SourceFile:215) ~[1.17.1.jar:?]
	at dtw.run(SourceFile:32) [1.17.1.jar:?]
	at java.util.concurrent.Executors$RunnableAdapter.call(Executors.java:515) [?:?]
	at java.util.concurrent.FutureTask.runAndReset(FutureTask.java:305) [?:?]
	at java.util.concurrent.ScheduledThreadPoolExecutor$ScheduledFutureTask.run(ScheduledThreadPoolExecutor.java:305) [?:?]
	at java.util.concurrent.ThreadPoolExecutor.runWorker(ThreadPoolExecutor.java:1130) [?:?]
	at java.util.concurrent.ThreadPoolExecutor$Worker.run(ThreadPoolExecutor.java:630) [?:?]
	at java.lang.Thread.run(Thread.java:831) [?:?]
[13:41:59] [pool-2-thread-3/ERROR]: Couldn't get pending invite count
dsl: Could not connect to Realms: Connect timed out
	at dra.a(SourceFile:439) ~[1.17.1.jar:?]
	at dra.k(SourceFile:325) ~[1.17.1.jar:?]
	at dra.j(SourceFile:320) ~[1.17.1.jar:?]
	at dsp.q(SourceFile:215) ~[1.17.1.jar:?]
	at dtw.run(SourceFile:32) [1.17.1.jar:?]
	at java.util.concurrent.Executors$RunnableAdapter.call(Executors.java:515) [?:?]
	at java.util.concurrent.FutureTask.runAndReset(FutureTask.java:305) [?:?]
	at java.util.concurrent.ScheduledThreadPoolExecutor$ScheduledFutureTask.run(ScheduledThreadPoolExecutor.java:305) [?:?]
	at java.util.concurrent.ThreadPoolExecutor.runWorker(ThreadPoolExecutor.java:1130) [?:?]
	at java.util.concurrent.ThreadPoolExecutor$Worker.run(ThreadPoolExecutor.java:630) [?:?]
	at java.lang.Thread.run(Thread.java:831) [?:?]
[14:05:19] [pool-2-thread-3/ERROR]: Couldn't get pending invite count
dsl: Could not connect to Realms: Connect timed out
	at dra.a(SourceFile:439) ~[1.17.1.jar:?]
	at dra.k(SourceFile:325) ~[1.17.1.jar:?]
	at dra.j(SourceFile:320) ~[1.17.1.jar:?]
	at dsp.q(SourceFile:215) ~[1.17.1.jar:?]
	at dtw.run(SourceFile:32) [1.17.1.jar:?]
	at java.util.concurrent.Executors$RunnableAdapter.call(Executors.java:515) [?:?]
	at java.util.concurrent.FutureTask.runAndReset(FutureTask.java:305) [?:?]
	at java.util.concurrent.ScheduledThreadPoolExecutor$ScheduledFutureTask.run(ScheduledThreadPoolExecutor.java:305) [?:?]
	at java.util.concurrent.ThreadPoolExecutor.runWorker(ThreadPoolExecutor.java:1130) [?:?]
	at java.util.concurrent.ThreadPoolExecutor$Worker.run(ThreadPoolExecutor.java:630) [?:?]
	at java.lang.Thread.run(Thread.java:831) [?:?]
[14:06:59] [pool-2-thread-3/ERROR]: Couldn't get trial availability
dsl: Could not connect to Realms: Connect timed out
	at dra.a(SourceFile:439) ~[1.17.1.jar:?]
	at dra.n(SourceFile:381) ~[1.17.1.jar:?]
	at dsp.r(SourceFile:224) ~[1.17.1.jar:?]
	at dtw.run(SourceFile:32) [1.17.1.jar:?]
	at java.util.concurrent.Executors$RunnableAdapter.call(Executors.java:515) [?:?]
	at java.util.concurrent.FutureTask.runAndReset(FutureTask.java:305) [?:?]
	at java.util.concurrent.ScheduledThreadPoolExecutor$ScheduledFutureTask.run(ScheduledThreadPoolExecutor.java:305) [?:?]
	at java.util.concurrent.ThreadPoolExecutor.runWorker(ThreadPoolExecutor.java:1130) [?:?]
	at java.util.concurrent.ThreadPoolExecutor$Worker.run(ThreadPoolExecutor.java:630) [?:?]
	at java.lang.Thread.run(Thread.java:831) [?:?]
[14:08:08] [pool-2-thread-1/ERROR]: Couldn't get pending invite count
dsl: Could not connect to Realms: Connection reset
	at dra.a(SourceFile:439) ~[1.17.1.jar:?]
	at dra.k(SourceFile:325) ~[1.17.1.jar:?]
	at dra.j(SourceFile:320) ~[1.17.1.jar:?]
	at dsp.q(SourceFile:215) ~[1.17.1.jar:?]
	at dtw.run(SourceFile:32) [1.17.1.jar:?]
	at java.util.concurrent.Executors$RunnableAdapter.call(Executors.java:515) [?:?]
	at java.util.concurrent.FutureTask.runAndReset(FutureTask.java:305) [?:?]
	at java.util.concurrent.ScheduledThreadPoolExecutor$ScheduledFutureTask.run(ScheduledThreadPoolExecutor.java:305) [?:?]
	at java.util.concurrent.ThreadPoolExecutor.runWorker(ThreadPoolExecutor.java:1130) [?:?]
	at java.util.concurrent.ThreadPoolExecutor$Worker.run(ThreadPoolExecutor.java:630) [?:?]
	at java.lang.Thread.run(Thread.java:831) [?:?]
[14:10:00] [pool-2-thread-2/ERROR]: Couldn't get trial availability
dsl: Could not connect to Realms: Connect timed out
	at dra.a(SourceFile:439) ~[1.17.1.jar:?]
	at dra.n(SourceFile:381) ~[1.17.1.jar:?]
	at dsp.r(SourceFile:224) ~[1.17.1.jar:?]
	at dtw.run(SourceFile:32) [1.17.1.jar:?]
	at java.util.concurrent.Executors$RunnableAdapter.call(Executors.java:515) [?:?]
	at java.util.concurrent.FutureTask.runAndReset(FutureTask.java:305) [?:?]
	at java.util.concurrent.ScheduledThreadPoolExecutor$ScheduledFutureTask.run(ScheduledThreadPoolExecutor.java:305) [?:?]
	at java.util.concurrent.ThreadPoolExecutor.runWorker(ThreadPoolExecutor.java:1130) [?:?]
	at java.util.concurrent.ThreadPoolExecutor$Worker.run(ThreadPoolExecutor.java:630) [?:?]
	at java.lang.Thread.run(Thread.java:831) [?:?]
[14:10:19] [pool-2-thread-1/ERROR]: Could not parse RealmsError: com.google.gson.stream.MalformedJsonException: Use JsonReader.setLenient(true) to accept malformed JSON at line 2 column 2 path $
[14:10:19] [pool-2-thread-1/ERROR]: The error was: <html>
<head><title>502 Bad Gateway</title></head>
<body>
<center><h1>502 Bad Gateway</h1></center>
<hr><center>Microsoft-Azure-Application-Gateway/v2</center>
</body>
</html>

[14:10:19] [pool-2-thread-1/ERROR]: Realms http code: 502 -  error code: -1 -  message: Failed to parse response from server - raw body: <html>
<head><title>502 Bad Gateway</title></head>
<body>
<center><h1>502 Bad Gateway</h1></center>
<hr><center>Microsoft-Azure-Application-Gateway/v2</center>
</body>
</html>

[14:10:19] [pool-2-thread-1/ERROR]: Couldn't get pending invite count
dsl: <html>
<head><title>502 Bad Gateway</title></head>
<body>
<center><h1>502 Bad Gateway</h1></center>
<hr><center>Microsoft-Azure-Application-Gateway/v2</center>
</body>
</html>

	at dra.a(SourceFile:433) ~[1.17.1.jar:?]
	at dra.k(SourceFile:325) ~[1.17.1.jar:?]
	at dra.j(SourceFile:320) ~[1.17.1.jar:?]
	at dsp.q(SourceFile:215) ~[1.17.1.jar:?]
	at dtw.run(SourceFile:32) [1.17.1.jar:?]
	at java.util.concurrent.Executors$RunnableAdapter.call(Executors.java:515) [?:?]
	at java.util.concurrent.FutureTask.runAndReset(FutureTask.java:305) [?:?]
	at java.util.concurrent.ScheduledThreadPoolExecutor$ScheduledFutureTask.run(ScheduledThreadPoolExecutor.java:305) [?:?]
	at java.util.concurrent.ThreadPoolExecutor.runWorker(ThreadPoolExecutor.java:1130) [?:?]
	at java.util.concurrent.ThreadPoolExecutor$Worker.run(ThreadPoolExecutor.java:630) [?:?]
	at java.lang.Thread.run(Thread.java:831) [?:?]
[14:12:39] [pool-2-thread-1/ERROR]: Couldn't get pending invite count
dsl: Could not connect to Realms: Connect timed out
	at dra.a(SourceFile:439) ~[1.17.1.jar:?]
	at dra.k(SourceFile:325) ~[1.17.1.jar:?]
	at dra.j(SourceFile:320) ~[1.17.1.jar:?]
	at dsp.q(SourceFile:215) ~[1.17.1.jar:?]
	at dtw.run(SourceFile:32) [1.17.1.jar:?]
	at java.util.concurrent.Executors$RunnableAdapter.call(Executors.java:515) [?:?]
	at java.util.concurrent.FutureTask.runAndReset(FutureTask.java:305) [?:?]
	at java.util.concurrent.ScheduledThreadPoolExecutor$ScheduledFutureTask.run(ScheduledThreadPoolExecutor.java:305) [?:?]
	at java.util.concurrent.ThreadPoolExecutor.runWorker(ThreadPoolExecutor.java:1130) [?:?]
	at java.util.concurrent.ThreadPoolExecutor$Worker.run(ThreadPoolExecutor.java:630) [?:?]
	at java.lang.Thread.run(Thread.java:831) [?:?]
